<?xml version="1.0" encoding="UTF-8"?>
<testng-results skipped="0" failed="1" ignored="0" total="4" passed="3">
  <reporter-output>
  </reporter-output>
  <suite name="Suite" duration-ms="124544" started-at="2021-06-24T11:02:03 IST" finished-at="2021-06-24T11:04:07 IST">
    <groups>
    </groups>
    <test name="Basepage" duration-ms="50832" started-at="2021-06-24T11:02:03 IST" finished-at="2021-06-24T11:02:54 IST">
      <class name="Academy.BasePageNavigation">
        <test-method status="PASS" signature="Initializedriver()[pri:0, instance:Academy.BasePageNavigation@2ab4bc72]" name="Initializedriver" is-config="true" duration-ms="26052" started-at="2021-06-24T11:02:03 IST" finished-at="2021-06-24T11:02:29 IST">
          <reporter-output>
          </reporter-output>
        </test-method> <!-- Initializedriver -->
        <test-method status="PASS" signature="basePageNavigation()[pri:0, instance:Academy.BasePageNavigation@2ab4bc72]" name="basePageNavigation" duration-ms="11951" started-at="2021-06-24T11:02:29 IST" finished-at="2021-06-24T11:02:41 IST">
          <reporter-output>
          </reporter-output>
        </test-method> <!-- basePageNavigation -->
        <test-method status="PASS" signature="clseBrowser()[pri:0, instance:Academy.BasePageNavigation@2ab4bc72]" name="clseBrowser" is-config="true" duration-ms="12823" started-at="2021-06-24T11:02:41 IST" finished-at="2021-06-24T11:02:54 IST">
          <reporter-output>
          </reporter-output>
        </test-method> <!-- clseBrowser -->
      </class> <!-- Academy.BasePageNavigation -->
    </test> <!-- Basepage -->
    <test name="vtitel" duration-ms="50832" started-at="2021-06-24T11:02:03 IST" finished-at="2021-06-24T11:02:54 IST">
      <class name="Academy.ValidateTitel">
        <test-method status="PASS" signature="Initializedriver()[pri:0, instance:Academy.ValidateTitel@491b9b8]" name="Initializedriver" is-config="true" duration-ms="22878" started-at="2021-06-24T11:02:03 IST" finished-at="2021-06-24T11:02:26 IST">
          <reporter-output>
          </reporter-output>
        </test-method> <!-- Initializedriver -->
        <test-method status="FAIL" signature="ValidateTitele()[pri:0, instance:Academy.ValidateTitel@491b9b8]" name="ValidateTitele" duration-ms="9354" started-at="2021-06-24T11:02:26 IST" finished-at="2021-06-24T11:02:35 IST">
          <exception class="java.lang.AssertionError">
            <message>
              <![CDATA[expected [FEATURED COURSES456] but found [FEATURED COURSES]]]>
            </message>
            <full-stacktrace>
              <![CDATA[java.lang.AssertionError: expected [FEATURED COURSES456] but found [FEATURED COURSES]
at org.testng.Assert.fail(Assert.java:99)
at org.testng.Assert.failNotEquals(Assert.java:1037)
at org.testng.Assert.assertEqualsImpl(Assert.java:140)
at org.testng.Assert.assertEquals(Assert.java:122)
at org.testng.Assert.assertEquals(Assert.java:629)
at org.testng.Assert.assertEquals(Assert.java:639)
at Academy.ValidateTitel.ValidateTitele(ValidateTitel.java:33)
at sun.reflect.NativeMethodAccessorImpl.invoke0(Native Method)
at sun.reflect.NativeMethodAccessorImpl.invoke(NativeMethodAccessorImpl.java:62)
at sun.reflect.DelegatingMethodAccessorImpl.invoke(DelegatingMethodAccessorImpl.java:43)
at java.lang.reflect.Method.invoke(Method.java:498)
at org.testng.internal.MethodInvocationHelper.invokeMethod(MethodInvocationHelper.java:133)
at org.testng.internal.TestInvoker.invokeMethod(TestInvoker.java:598)
at org.testng.internal.TestInvoker.invokeTestMethod(TestInvoker.java:173)
at org.testng.internal.MethodRunner.runInSequence(MethodRunner.java:46)
at org.testng.internal.TestInvoker$MethodInvocationAgent.invoke(TestInvoker.java:824)
at org.testng.internal.TestInvoker.invokeTestMethods(TestInvoker.java:146)
at org.testng.internal.TestMethodWorker.invokeTestMethods(TestMethodWorker.java:146)
at org.testng.internal.TestMethodWorker.run(TestMethodWorker.java:128)
at java.util.ArrayList.forEach(ArrayList.java:1259)
at org.testng.TestRunner.privateRun(TestRunner.java:794)
at org.testng.TestRunner.run(TestRunner.java:596)
at org.testng.SuiteRunner.runTest(SuiteRunner.java:377)
at org.testng.SuiteRunner.access$000(SuiteRunner.java:28)
at org.testng.SuiteRunner$SuiteWorker.run(SuiteRunner.java:418)
at org.testng.internal.thread.ThreadUtil.lambda$execute$0(ThreadUtil.java:64)
at java.util.concurrent.FutureTask.run(FutureTask.java:266)
at java.util.concurrent.ThreadPoolExecutor.runWorker(ThreadPoolExecutor.java:1149)
at java.util.concurrent.ThreadPoolExecutor$Worker.run(ThreadPoolExecutor.java:624)
at java.lang.Thread.run(Thread.java:748)
]]>
            </full-stacktrace>
          </exception> <!-- java.lang.AssertionError -->
          <reporter-output>
          </reporter-output>
        </test-method> <!-- ValidateTitele -->
        <test-method status="PASS" signature="clseBrowser()[pri:0, instance:Academy.ValidateTitel@491b9b8]" name="clseBrowser" is-config="true" duration-ms="17247" started-at="2021-06-24T11:02:36 IST" finished-at="2021-06-24T11:02:54 IST">
          <reporter-output>
          </reporter-output>
        </test-method> <!-- clseBrowser -->
      </class> <!-- Academy.ValidateTitel -->
    </test> <!-- vtitel -->
    <test name="Homepage" duration-ms="124543" started-at="2021-06-24T11:02:03 IST" finished-at="2021-06-24T11:04:07 IST">
      <class name="Academy.HomePage">
        <test-method status="PASS" signature="basePageNavigation(java.lang.String,java.lang.String,java.lang.String)[pri:0, instance:Academy.HomePage@7b4c50bc]" name="basePageNavigation" duration-ms="63654" started-at="2021-06-24T11:02:03 IST" data-provider="getdata" finished-at="2021-06-24T11:03:06 IST">
          <params>
            <param index="0">
              <value>
                <![CDATA[asutoshdhalbisoi@gmail.com]]>
              </value>
            </param>
            <param index="1">
              <value>
                <![CDATA[123475]]>
              </value>
            </param>
            <param index="2">
              <value>
                <![CDATA[Resctrive user]]>
              </value>
            </param>
          </params>
          <reporter-output>
          </reporter-output>
        </test-method> <!-- basePageNavigation -->
        <test-method status="PASS" signature="basePageNavigation(java.lang.String,java.lang.String,java.lang.String)[pri:0, instance:Academy.HomePage@7b4c50bc]" name="basePageNavigation" duration-ms="60843" started-at="2021-06-24T11:03:06 IST" data-provider="getdata" finished-at="2021-06-24T11:04:07 IST">
          <params>
            <param index="0">
              <value>
                <![CDATA[dhalbisoiasutosh@gmail.com]]>
              </value>
            </param>
            <param index="1">
              <value>
                <![CDATA[12345]]>
              </value>
            </param>
            <param index="2">
              <value>
                <![CDATA[non Restrictive user]]>
              </value>
            </param>
          </params>
          <reporter-output>
          </reporter-output>
        </test-method> <!-- basePageNavigation -->
      </class> <!-- Academy.HomePage -->
    </test> <!-- Homepage -->
  </suite> <!-- Suite -->
</testng-results>
