<?xml version="1.0" encoding="UTF-8"?>
<testng-results ignored="0" total="4" passed="3" failed="1" skipped="0">
  <reporter-output>
  </reporter-output>
  <suite started-at="2021-06-21T20:21:45 IST" name="Suite" finished-at="2021-06-21T20:22:50 IST" duration-ms="64887">
    <groups>
    </groups>
    <test started-at="2021-06-21T20:21:45 IST" name="Basepage" finished-at="2021-06-21T20:22:15 IST" duration-ms="29089">
      <class name="Academy.BasePageNavigation">
        <test-method is-config="true" signature="Initializedriver()[pri:0, instance:Academy.BasePageNavigation@200606de]" started-at="2021-06-21T20:21:45 IST" name="Initializedriver" finished-at="2021-06-21T20:22:14 IST" duration-ms="28853" status="PASS">
          <reporter-output>
          </reporter-output>
        </test-method> <!-- Initializedriver -->
        <test-method signature="basePageNavigation()[pri:0, instance:Academy.BasePageNavigation@200606de]" started-at="2021-06-21T20:22:14 IST" name="basePageNavigation" finished-at="2021-06-21T20:22:15 IST" duration-ms="201" status="PASS">
          <reporter-output>
          </reporter-output>
        </test-method> <!-- basePageNavigation -->
      </class> <!-- Academy.BasePageNavigation -->
    </test> <!-- Basepage -->
    <test started-at="2021-06-21T20:21:45 IST" name="vtitel" finished-at="2021-06-21T20:22:20 IST" duration-ms="34992">
      <class name="Academy.ValidateTitel">
        <test-method is-config="true" signature="Initializedriver()[pri:0, instance:Academy.ValidateTitel@2d35442b]" started-at="2021-06-21T20:21:45 IST" name="Initializedriver" finished-at="2021-06-21T20:22:20 IST" duration-ms="34067" status="PASS">
          <reporter-output>
          </reporter-output>
        </test-method> <!-- Initializedriver -->
        <test-method signature="ValidateTitele()[pri:0, instance:Academy.ValidateTitel@2d35442b]" started-at="2021-06-21T20:22:20 IST" name="ValidateTitele" finished-at="2021-06-21T20:22:20 IST" duration-ms="152" status="FAIL">
          <exception class="java.lang.AssertionError">
            <message>
              <![CDATA[expected [FEATURED COURSES456] but found [FEATURED COURSES]]]>
            </message>
            <full-stacktrace>
              <![CDATA[java.lang.AssertionError: expected [FEATURED COURSES456] but found [FEATURED COURSES]
at org.testng.Assert.fail(Assert.java:99)
at org.testng.Assert.failNotEquals(Assert.java:1037)
at org.testng.Assert.assertEqualsImpl(Assert.java:140)
at org.testng.Assert.assertEquals(Assert.java:122)
at org.testng.Assert.assertEquals(Assert.java:629)
at org.testng.Assert.assertEquals(Assert.java:639)
at Academy.ValidateTitel.ValidateTitele(ValidateTitel.java:33)
at java.base/jdk.internal.reflect.NativeMethodAccessorImpl.invoke0(Native Method)
at java.base/jdk.internal.reflect.NativeMethodAccessorImpl.invoke(NativeMethodAccessorImpl.java:64)
at java.base/jdk.internal.reflect.DelegatingMethodAccessorImpl.invoke(DelegatingMethodAccessorImpl.java:43)
at java.base/java.lang.reflect.Method.invoke(Method.java:564)
at org.testng.internal.MethodInvocationHelper.invokeMethod(MethodInvocationHelper.java:133)
at org.testng.internal.TestInvoker.invokeMethod(TestInvoker.java:598)
at org.testng.internal.TestInvoker.invokeTestMethod(TestInvoker.java:173)
at org.testng.internal.MethodRunner.runInSequence(MethodRunner.java:46)
at org.testng.internal.TestInvoker$MethodInvocationAgent.invoke(TestInvoker.java:824)
at org.testng.internal.TestInvoker.invokeTestMethods(TestInvoker.java:146)
at org.testng.internal.TestMethodWorker.invokeTestMethods(TestMethodWorker.java:146)
at org.testng.internal.TestMethodWorker.run(TestMethodWorker.java:128)
at java.base/java.util.ArrayList.forEach(ArrayList.java:1511)
at org.testng.TestRunner.privateRun(TestRunner.java:794)
at org.testng.TestRunner.run(TestRunner.java:596)
at org.testng.SuiteRunner.runTest(SuiteRunner.java:377)
at org.testng.SuiteRunner.access$000(SuiteRunner.java:28)
at org.testng.SuiteRunner$SuiteWorker.run(SuiteRunner.java:418)
at org.testng.internal.thread.ThreadUtil.lambda$execute$0(ThreadUtil.java:64)
at java.base/java.util.concurrent.FutureTask.run(FutureTask.java:264)
at java.base/java.util.concurrent.ThreadPoolExecutor.runWorker(ThreadPoolExecutor.java:1130)
at java.base/java.util.concurrent.ThreadPoolExecutor$Worker.run(ThreadPoolExecutor.java:630)
at java.base/java.lang.Thread.run(Thread.java:832)
]]>
            </full-stacktrace>
          </exception> <!-- java.lang.AssertionError -->
          <reporter-output>
          </reporter-output>
        </test-method> <!-- ValidateTitele -->
        <test-method is-config="true" signature="clseBrowser()[pri:0, instance:Academy.ValidateTitel@2d35442b]" started-at="2021-06-21T20:22:20 IST" name="clseBrowser" finished-at="2021-06-21T20:22:20 IST" duration-ms="152" status="PASS">
          <reporter-output>
          </reporter-output>
        </test-method> <!-- clseBrowser -->
      </class> <!-- Academy.ValidateTitel -->
    </test> <!-- vtitel -->
    <test started-at="2021-06-21T20:21:45 IST" name="Homepage" finished-at="2021-06-21T20:22:50 IST" duration-ms="64887">
      <class name="Academy.HomePage">
        <test-method signature="basePageNavigation(java.lang.String,java.lang.String,java.lang.String)[pri:0, instance:Academy.HomePage@324dcd31]" started-at="2021-06-21T20:21:45 IST" name="basePageNavigation" data-provider="getdata" finished-at="2021-06-21T20:22:24 IST" duration-ms="38285" status="PASS">
          <params>
            <param index="0">
              <value>
                <![CDATA[asutoshdhalbisoi@gmail.com]]>
              </value>
            </param>
            <param index="1">
              <value>
                <![CDATA[123475]]>
              </value>
            </param>
            <param index="2">
              <value>
                <![CDATA[Resctrive user]]>
              </value>
            </param>
          </params>
          <reporter-output>
          </reporter-output>
        </test-method> <!-- basePageNavigation -->
        <test-method signature="basePageNavigation(java.lang.String,java.lang.String,java.lang.String)[pri:0, instance:Academy.HomePage@324dcd31]" started-at="2021-06-21T20:22:24 IST" name="basePageNavigation" data-provider="getdata" finished-at="2021-06-21T20:22:50 IST" duration-ms="26566" status="PASS">
          <params>
            <param index="0">
              <value>
                <![CDATA[dhalbisoiasutosh@gmail.com]]>
              </value>
            </param>
            <param index="1">
              <value>
                <![CDATA[12345]]>
              </value>
            </param>
            <param index="2">
              <value>
                <![CDATA[non Restrictive user]]>
              </value>
            </param>
          </params>
          <reporter-output>
          </reporter-output>
        </test-method> <!-- basePageNavigation -->
      </class> <!-- Academy.HomePage -->
    </test> <!-- Homepage -->
  </suite> <!-- Suite -->
</testng-results>
